2026-05-20 15:24:25,119 - INFO - --------------------------------------
2026-05-20 15:24:25,119 - INFO - Signing in
2026-05-20 15:24:25,120 - INFO - --------------------------------------
2026-05-20 15:24:25,120 - INFO - Starting sign-in test for brand: 9876543210
2026-05-20 15:24:28,454 - INFO - Clicking Sign in button
2026-05-20 15:24:30,444 - INFO - Entering phone number: 9876543210
2026-05-20 15:24:31,080 - INFO - Clicking Send OTP
2026-05-20 15:24:32,816 - INFO - Navigated to Auth page
2026-05-20 15:24:34,181 - INFO - Clicking Get OTP
2026-05-20 15:24:36,450 - ERROR - OTP verification page did not load, OTP not generated - Nykaa may restrict OTP generation for automation
2026-05-20 15:24:36,916 - INFO - Screenshot saved at: reports/screenshots/LoginPage_LoginFailure_20260520_152436.png
2026-05-20 15:24:39,568 - INFO - Opened base URL: https://www.nykaa.com/
2026-05-20 15:24:39,569 - INFO - --------------------------------------
2026-05-20 15:24:39,569 - INFO - STARTING TEST: test_cart_empty
2026-05-20 15:24:39,569 - INFO - --------------------------------------
2026-05-20 15:24:39,569 - INFO - Validating empty cart
2026-05-20 15:24:41,584 - INFO - Clicked bag icon
2026-05-20 15:24:41,767 - INFO - Assertion passed: Cart is empty
2026-05-20 15:24:42,444 - INFO - Screenshot saved at: reports/screenshots/HomePage_EmptyCart_20260520_152441.png
2026-05-20 15:24:42,454 - INFO - --------------------------------------
2026-05-20 15:24:42,455 - INFO - TEST ENDED: Cart is empty as expected
2026-05-20 15:24:42,456 - INFO - --------------------------------------
2026-05-20 15:24:42,479 - INFO - --------------------------------------
2026-05-20 15:24:42,479 - INFO - STARTING INVALID SEARCH VERIFICATION
2026-05-20 15:24:42,480 - INFO - --------------------------------------
2026-05-20 15:24:42,480 - INFO - Starting test for brand: @$%^
2026-05-20 15:24:43,773 - INFO - Searching for product: @$%^
2026-05-20 15:24:45,898 - INFO - Screenshot saved at: reports/screenshots/Search_invalid_keys_20260520_152444.png
2026-05-20 15:24:45,902 - INFO - Entered search text
2026-05-20 15:24:47,131 - INFO - Pressed Enter for search
2026-05-20 15:24:47,181 - INFO - Assertion passed: Error message displayed
2026-05-20 15:24:47,482 - INFO - Screenshot saved at: reports/screenshots/Search_Error_20260520_152447.png
2026-05-20 15:24:47,489 - INFO - Test passed: Invalid search handled correctly
2026-05-20 15:24:47,490 - INFO - --------------------------------------
2026-05-20 15:24:47,491 - INFO - ENDING INVALID SEARCH VERIFICATION
2026-05-20 15:24:47,491 - INFO - --------------------------------------
2026-05-20 15:24:48,894 - INFO - --------------------------------------
2026-05-20 15:24:48,894 - INFO - STARTING TESTING FILTER APPLICATION
2026-05-20 15:24:48,895 - INFO - --------------------------------------
2026-05-20 15:24:48,895 - INFO - Starting filter test for brand: Gucci
2026-05-20 15:24:48,895 - INFO - Attempting to navigate to section: men
2026-05-20 15:24:49,918 - INFO - Screenshot saved at: reports/screenshots/HomePage_20260520_152448.png
2026-05-20 15:24:51,120 - INFO - Clicked on men link
2026-05-20 15:24:51,172 - INFO - Switched to new window/tab
2026-05-20 15:24:53,110 - INFO - Assertion passed: men page successfully loaded
2026-05-20 15:24:54,227 - INFO - Screenshot saved at: reports/screenshots/MenPage_men_20260520_152453.png
2026-05-20 15:24:54,233 - INFO - Attempting to navigate to Luxe Store: luxe-fragrances
2026-05-20 15:24:58,566 - INFO - Clicked Luxe Store banner for luxe-fragrances
2026-05-20 15:24:58,587 - INFO - Switched to new window/tab
2026-05-20 15:24:58,902 - INFO - Assertion passed: luxe-fragrances page successfully loaded
2026-05-20 15:24:59,444 - INFO - Screenshot saved at: reports/screenshots/CategoryPage_luxe-fragrances_20260520_152458.png
2026-05-20 15:24:59,453 - INFO - Expanding Brand filter
2026-05-20 15:24:59,982 - INFO - Selecting brand: Gucci
2026-05-20 15:25:01,648 - INFO - Gucci filter verified with products: ['Gucci Guilty Parfum For Him', 'Gucci Guilty Pour Homme Eau De Toilette', 'Gucci Guilty Eau De Parfum For Him']
2026-05-20 15:25:03,238 - INFO - Screenshot saved at: reports/screenshots/LuxeStorePage_Filter_Gucci_20260520_152501.png
2026-05-20 15:25:03,243 - INFO - Selecting first product card
2026-05-20 15:25:04,522 - INFO - Switched to product tab
2026-05-20 15:25:04,523 - INFO - Assertion passed: Products found for Gucci
2026-05-20 15:25:06,431 - INFO - Screenshot saved at: reports/screenshots/Filter_Gucci_20260520_152504.png
2026-05-20 15:25:06,432 - INFO - --------------------------------------
2026-05-20 15:25:06,432 - INFO - ENDING TESTING FILTER APPLICATION
2026-05-20 15:25:06,432 - INFO - --------------------------------------
2026-05-20 15:25:08,412 - INFO - --------------------------------------
2026-05-20 15:25:08,412 - INFO - STARTING TESTING FILTER APPLICATION
2026-05-20 15:25:08,413 - INFO - --------------------------------------
2026-05-20 15:25:08,413 - INFO - Starting filter test for brand: InvalidBrand
2026-05-20 15:25:08,413 - INFO - Attempting to navigate to section: men
2026-05-20 15:25:09,844 - INFO - Screenshot saved at: reports/screenshots/HomePage_20260520_152508.png
2026-05-20 15:25:11,714 - INFO - Clicked on men link
2026-05-20 15:25:12,572 - INFO - Switched to new window/tab
2026-05-20 15:25:13,234 - INFO - Assertion passed: men page successfully loaded
2026-05-20 15:25:14,553 - INFO - Screenshot saved at: reports/screenshots/MenPage_men_20260520_152513.png
2026-05-20 15:25:14,560 - INFO - Attempting to navigate to Luxe Store: luxe-fragrances
2026-05-20 15:25:16,761 - INFO - Clicked Luxe Store banner for luxe-fragrances
2026-05-20 15:25:16,774 - INFO - Switched to new window/tab
2026-05-20 15:25:17,200 - INFO - Assertion passed: luxe-fragrances page successfully loaded
2026-05-20 15:25:17,697 - INFO - Screenshot saved at: reports/screenshots/CategoryPage_luxe-fragrances_20260520_152517.png
2026-05-20 15:25:17,705 - INFO - Expanding Brand filter
2026-05-20 15:25:18,297 - INFO - Selecting brand: InvalidBrand
2026-05-20 15:25:28,390 - ERROR - Filter Brand for InvalidBrand not found
2026-05-20 15:25:28,748 - INFO - Screenshot saved at: reports/screenshots/LuxeStorePage_Filter_InvalidBrand_Error_20260520_152528.png
2026-05-20 15:25:28,754 - INFO - Assertion passed: No products for invalid brand InvalidBrand
2026-05-20 15:25:29,196 - INFO - Screenshot saved at: reports/screenshots/Filter_InvalidBrand_20260520_152528.png
2026-05-20 15:25:29,196 - INFO - --------------------------------------
2026-05-20 15:25:29,197 - INFO - ENDING TESTING FILTER APPLICATION
2026-05-20 15:25:29,197 - INFO - --------------------------------------
2026-05-20 15:25:30,976 - INFO - --------------------------------------
2026-05-20 15:25:30,977 - INFO - STARTING CART VERIFICATION
2026-05-20 15:25:30,977 - INFO - --------------------------------------
2026-05-20 15:25:30,977 - INFO - Starting Cart Verification Test for brand: Gucci
2026-05-20 15:25:30,977 - INFO - Attempting to navigate to section: men
2026-05-20 15:25:32,079 - INFO - Screenshot saved at: reports/screenshots/HomePage_20260520_152530.png
2026-05-20 15:25:33,361 - INFO - Clicked on men link
2026-05-20 15:25:34,310 - INFO - Switched to new window/tab
2026-05-20 15:25:35,016 - INFO - Assertion passed: men page successfully loaded
2026-05-20 15:25:36,055 - INFO - Screenshot saved at: reports/screenshots/MenPage_men_20260520_152535.png
2026-05-20 15:25:36,061 - INFO - Attempting to navigate to Luxe Store: luxe-fragrances
2026-05-20 15:25:38,303 - INFO - Clicked Luxe Store banner for luxe-fragrances
2026-05-20 15:25:38,314 - INFO - Switched to new window/tab
2026-05-20 15:25:38,702 - INFO - Assertion passed: luxe-fragrances page successfully loaded
2026-05-20 15:25:39,098 - INFO - Screenshot saved at: reports/screenshots/CategoryPage_luxe-fragrances_20260520_152538.png
2026-05-20 15:25:39,106 - INFO - Expanding Brand filter
2026-05-20 15:25:39,656 - INFO - Selecting brand: Gucci
2026-05-20 15:25:42,519 - INFO - Gucci filter verified with products: ['Gucci Guilty Parfum For Him', 'Gucci Guilty Pour Homme Eau De Toilette', 'Gucci Guilty Eau De Parfum For Him']
2026-05-20 15:25:42,774 - INFO - Screenshot saved at: reports/screenshots/LuxeStorePage_Filter_Gucci_20260520_152542.png
2026-05-20 15:25:42,782 - INFO - Filter applied successfully for Gucci
2026-05-20 15:25:42,783 - INFO - Selecting first product card
2026-05-20 15:25:44,238 - INFO - Switched to product tab
2026-05-20 15:25:45,941 - INFO - Screenshot saved at: reports/screenshots/LuxeStorePage_ProductSelected_20260520_152544.png
2026-05-20 15:25:56,108 - INFO - No size selection needed.
2026-05-20 15:25:56,679 - INFO - Clicked 'Add to Bag'.
2026-05-20 15:25:56,699 - INFO - Switched to cart window/tab.
2026-05-20 15:25:56,760 - INFO - Assertion passed: Product successfully added to cart.
2026-05-20 15:25:57,547 - INFO - Screenshot saved at: reports/screenshots/ProductPage_AddToCart_20260520_152556.png
2026-05-20 15:25:57,972 - INFO - Assertion passed: Cart has items.
2026-05-20 15:25:58,302 - INFO - Screenshot saved at: reports/screenshots/CartPage_VerifyCart_20260520_152557.png
2026-05-20 15:25:58,310 - INFO - Assertion passed: Cart contains product
2026-05-20 15:25:58,560 - INFO - Screenshot saved at: reports/screenshots/Cart_Gucci_20260520_152558.png
2026-05-20 15:25:58,567 - INFO - --------------------------------------
2026-05-20 15:25:58,568 - INFO - ENDING CART VERIFICATION
2026-05-20 15:25:58,568 - INFO - --------------------------------------
2026-05-20 15:25:58,633 - INFO - --------------------------------------
2026-05-20 15:25:58,633 - INFO - SHIPPING DETAILS VERIFICATION
2026-05-20 15:25:58,634 - INFO - --------------------------------------
2026-05-20 15:25:58,635 - INFO - START INVALID PINCODE TEST
2026-05-20 15:26:00,168 - INFO - Attempting to navigate to section: men
2026-05-20 15:26:01,470 - INFO - Screenshot saved at: reports/screenshots/HomePage_20260520_152600.png
2026-05-20 15:26:02,656 - INFO - Clicked on men link
2026-05-20 15:26:02,740 - INFO - Switched to new window/tab
2026-05-20 15:26:04,854 - INFO - Assertion passed: men page successfully loaded
2026-05-20 15:26:06,121 - INFO - Screenshot saved at: reports/screenshots/MenPage_men_20260520_152604.png
2026-05-20 15:26:06,127 - INFO - Attempting to navigate to Luxe Store: luxe-fragrances
2026-05-20 15:26:08,692 - INFO - Clicked Luxe Store banner for luxe-fragrances
2026-05-20 15:26:08,706 - INFO - Switched to new window/tab
2026-05-20 15:26:09,048 - INFO - Assertion passed: luxe-fragrances page successfully loaded
2026-05-20 15:26:09,748 - INFO - Screenshot saved at: reports/screenshots/CategoryPage_luxe-fragrances_20260520_152609.png
2026-05-20 15:26:09,759 - INFO - Expanding Brand filter
2026-05-20 15:26:10,634 - INFO - Selecting brand: Gucci
2026-05-20 15:26:13,956 - INFO - Gucci filter verified with products: ['Gucci Guilty Parfum For Him', 'Gucci Guilty Pour Homme Eau De Toilette', 'Gucci Guilty Eau De Parfum For Him']
2026-05-20 15:26:14,240 - INFO - Screenshot saved at: reports/screenshots/LuxeStorePage_Filter_Gucci_20260520_152613.png
2026-05-20 15:26:14,248 - INFO - Selecting first product card
2026-05-20 15:26:15,548 - INFO - Switched to product tab
2026-05-20 15:26:17,354 - INFO - Screenshot saved at: reports/screenshots/LuxeStorePage_ProductSelected_20260520_152615.png
2026-05-20 15:26:27,509 - INFO - No size selection needed.
2026-05-20 15:26:27,900 - INFO - Clicked 'Add to Bag'.
2026-05-20 15:26:27,932 - INFO - Switched to cart window/tab.
2026-05-20 15:26:27,998 - INFO - Assertion passed: Product successfully added to cart.
2026-05-20 15:26:28,754 - INFO - Screenshot saved at: reports/screenshots/ProductPage_AddToCart_20260520_152627.png
2026-05-20 15:26:29,871 - INFO - Clicked bag icon.
2026-05-20 15:26:32,160 - INFO - Screenshot saved at: reports/screenshots/CartPage_BagClicked_20260520_152631.png
2026-05-20 15:26:35,559 - INFO - Clicked Proceed button.
2026-05-20 15:26:37,721 - INFO - Screenshot saved at: reports/screenshots/CartPage_ProceedClicked_20260520_152637.png
2026-05-20 15:26:38,007 - INFO - Clicked Continue as guest.
2026-05-20 15:26:43,023 - INFO - Assertion passed: Shipping details page loaded.
2026-05-20 15:26:43,180 - INFO - Screenshot saved at: reports/screenshots/CartPage_ContinueAsGuest_20260520_152643.png
2026-05-20 15:26:43,184 - INFO - Reading shipping details from Excel
2026-05-20 15:26:43,199 - INFO - Entering Name: Yoga
2026-05-20 15:26:43,521 - INFO - Entering Phone: 6369887216
2026-05-20 15:26:44,042 - INFO - Entering Email: yogalakshmin24@gmail.com
2026-05-20 15:26:45,022 - INFO - Entering Flat/House No: 391
2026-05-20 15:26:45,479 - INFO - Entering Area: Selvapuram
2026-05-20 15:26:45,932 - INFO - Entering Pincode: 123456
2026-05-20 15:26:46,601 - INFO - Shipping details filled successfully
2026-05-20 15:26:46,828 - INFO - Screenshot saved at: reports/screenshots/ShippingDetails_Filled_20260520_152646.png
2026-05-20 15:26:46,840 - INFO - Entered invalid pincode: 123456
2026-05-20 15:26:46,840 - INFO - Attempting to click 'SHIP TO THIS ADDRESS' button
2026-05-20 15:26:47,440 - INFO - Clicked 'SHIP TO THIS ADDRESS'.
2026-05-20 15:26:52,689 - INFO - Screenshot saved at: reports/screenshots/ShippingDetailsPage_ShipToAddress_20260520_152652.png
2026-05-20 15:26:52,694 - INFO - Stayed on address page - validation error(invalid pincode)
2026-05-20 15:26:52,741 - INFO - Assertion passed: Invalid pincode validation shown
2026-05-20 15:26:52,941 - INFO - Screenshot saved at: reports/screenshots/Invalid_Pincode_Error_20260520_152652.png
2026-05-20 15:26:52,948 - INFO - --------------------------------------
2026-05-20 15:26:52,949 - INFO - END OF SHIPPING DETAILS VERIFICATION
2026-05-20 15:26:52,950 - INFO - --------------------------------------
2026-05-20 15:26:54,769 - INFO - --------------------------------------
2026-05-20 15:26:54,770 - INFO - STARTING CHECKOUT NAVIGATION VERIFICATION
2026-05-20 15:26:54,770 - INFO - --------------------------------------
2026-05-20 15:26:54,770 - INFO - Starting Checkout Navigation Test for brand: Gucci
2026-05-20 15:26:54,771 - INFO - Attempting to navigate to section: men
2026-05-20 15:26:56,399 - INFO - Screenshot saved at: reports/screenshots/HomePage_20260520_152654.png
2026-05-20 15:26:57,345 - INFO - Clicked on men link
2026-05-20 15:26:57,572 - INFO - Switched to new window/tab
2026-05-20 15:26:59,479 - INFO - Assertion passed: men page successfully loaded
2026-05-20 15:27:00,454 - INFO - Screenshot saved at: reports/screenshots/MenPage_men_20260520_152659.png
2026-05-20 15:27:00,461 - INFO - Attempting to navigate to Luxe Store: luxe-fragrances
2026-05-20 15:27:03,310 - INFO - Clicked Luxe Store banner for luxe-fragrances
2026-05-20 15:27:03,341 - INFO - Switched to new window/tab
2026-05-20 15:27:03,688 - INFO - Assertion passed: luxe-fragrances page successfully loaded
2026-05-20 15:27:04,264 - INFO - Screenshot saved at: reports/screenshots/CategoryPage_luxe-fragrances_20260520_152703.png
2026-05-20 15:27:04,270 - INFO - Expanding Brand filter
2026-05-20 15:27:04,863 - INFO - Selecting brand: Gucci
2026-05-20 15:27:08,463 - INFO - Gucci filter verified with products: ['Gucci Guilty Parfum For Him', 'Gucci Guilty Pour Homme Eau De Toilette', 'Gucci Guilty Eau De Parfum For Him']
2026-05-20 15:27:08,722 - INFO - Screenshot saved at: reports/screenshots/LuxeStorePage_Filter_Gucci_20260520_152708.png
2026-05-20 15:27:08,734 - INFO - Filter applied successfully
2026-05-20 15:27:08,734 - INFO - Selecting first product card
2026-05-20 15:27:09,856 - INFO - Switched to product tab
2026-05-20 15:27:12,014 - INFO - Screenshot saved at: reports/screenshots/LuxeStorePage_ProductSelected_20260520_152709.png
2026-05-20 15:27:22,142 - INFO - No size selection needed.
2026-05-20 15:27:22,511 - INFO - Clicked 'Add to Bag'.
2026-05-20 15:27:22,525 - INFO - Switched to cart window/tab.
2026-05-20 15:27:22,557 - INFO - Assertion passed: Product successfully added to cart.
2026-05-20 15:27:23,386 - INFO - Screenshot saved at: reports/screenshots/ProductPage_AddToCart_20260520_152722.png
2026-05-20 15:27:23,911 - INFO - Assertion passed: Cart has items.
2026-05-20 15:27:24,263 - INFO - Screenshot saved at: reports/screenshots/CartPage_VerifyCart_20260520_152723.png
2026-05-20 15:27:24,857 - INFO - Clicked bag icon.
2026-05-20 15:27:27,159 - INFO - Screenshot saved at: reports/screenshots/CartPage_BagClicked_20260520_152726.png
2026-05-20 15:27:28,716 - INFO - Clicked Proceed button.
2026-05-20 15:27:31,026 - INFO - Screenshot saved at: reports/screenshots/CartPage_ProceedClicked_20260520_152730.png
2026-05-20 15:27:31,404 - INFO - Clicked Continue as guest.
2026-05-20 15:27:36,417 - INFO - Assertion passed: Shipping details page loaded.
2026-05-20 15:27:36,561 - INFO - Screenshot saved at: reports/screenshots/CartPage_ContinueAsGuest_20260520_152736.png
2026-05-20 15:27:36,578 - INFO - Assertion passed: Navigated to Shipping Page
2026-05-20 15:27:36,740 - INFO - Screenshot saved at: reports/screenshots/CheckoutNavigation_Gucci_20260520_152736.png
2026-05-20 15:27:36,745 - INFO - --------------------------------------
2026-05-20 15:27:36,745 - INFO - ENDING CHECKOUT NAVIGATION VERIFICATION
2026-05-20 15:27:36,745 - INFO - --------------------------------------
2026-05-20 15:27:36,779 - INFO - --------------------------------------
2026-05-20 15:27:36,779 - INFO - STARTING END-TO-END NYKAA TEST
2026-05-20 15:27:36,779 - INFO - --------------------------------------
2026-05-20 15:27:38,021 - INFO - Opened base URL: https://www.nykaa.com/
2026-05-20 15:27:38,022 - INFO - Home page loaded successfully
2026-05-20 15:27:38,022 - INFO - Attempting to navigate to section: men
2026-05-20 15:27:39,629 - INFO - Screenshot saved at: reports/screenshots/HomePage_20260520_152738.png
2026-05-20 15:27:41,536 - INFO - Clicked on men link
2026-05-20 15:27:42,304 - INFO - Switched to new window/tab
2026-05-20 15:27:43,279 - INFO - Assertion passed: men page successfully loaded
2026-05-20 15:27:44,479 - INFO - Screenshot saved at: reports/screenshots/MenPage_men_20260520_152743.png
2026-05-20 15:27:44,862 - INFO - Navigation successful: men page loaded
2026-05-20 15:27:44,862 - INFO - Attempting to navigate to Luxe Store: luxe-fragrances
2026-05-20 15:27:47,595 - INFO - Clicked Luxe Store banner for luxe-fragrances
2026-05-20 15:27:47,610 - INFO - Switched to new window/tab
2026-05-20 15:27:47,912 - INFO - Assertion passed: luxe-fragrances page successfully loaded
2026-05-20 15:27:48,377 - INFO - Screenshot saved at: reports/screenshots/CategoryPage_luxe-fragrances_20260520_152747.png
2026-05-20 15:27:48,400 - INFO - Navigation successful: luxe-fragrances page loaded
2026-05-20 15:27:48,400 - INFO - Applying filter: Brand -> Gucci
2026-05-20 15:27:48,401 - INFO - Expanding Brand filter
2026-05-20 15:27:49,189 - INFO - Selecting brand: Gucci
2026-05-20 15:27:50,616 - INFO - Gucci filter verified with products: ['Gucci Guilty Parfum For Him', 'Gucci Guilty Pour Homme Eau De Toilette', 'Gucci Guilty Eau De Parfum For Him']
2026-05-20 15:27:51,764 - INFO - Screenshot saved at: reports/screenshots/LuxeStorePage_Filter_Gucci_20260520_152750.png
2026-05-20 15:27:51,769 - INFO - Filter applied successfully: Gucci
2026-05-20 15:27:51,770 - INFO - Selecting first product card
2026-05-20 15:27:53,715 - INFO - Switched to product tab
2026-05-20 15:27:53,716 - INFO - Product selected from Luxe Store
2026-05-20 15:27:54,710 - INFO - Screenshot saved at: reports/screenshots/LuxeStorePage_ProductSelected_20260520_152753.png
2026-05-20 15:28:04,823 - INFO - No size selection needed.
2026-05-20 15:28:05,192 - INFO - Clicked 'Add to Bag'.
2026-05-20 15:28:05,209 - INFO - Switched to cart window/tab.
2026-05-20 15:28:05,244 - INFO - Assertion passed: Product successfully added to cart.
2026-05-20 15:28:06,153 - INFO - Screenshot saved at: reports/screenshots/ProductPage_AddToCart_20260520_152805.png
2026-05-20 15:28:06,159 - INFO - Product added to cart
2026-05-20 15:28:07,295 - INFO - Clicked bag icon.
2026-05-20 15:28:09,519 - INFO - Screenshot saved at: reports/screenshots/CartPage_BagClicked_20260520_152809.png
2026-05-20 15:28:09,523 - INFO - Navigated to cart page
2026-05-20 15:28:11,000 - INFO - Clicked Proceed button.
2026-05-20 15:28:13,479 - INFO - Screenshot saved at: reports/screenshots/CartPage_ProceedClicked_20260520_152813.png
2026-05-20 15:28:13,490 - INFO - Clicked Proceed on cart page
2026-05-20 15:28:13,978 - INFO - Clicked Continue as guest.
2026-05-20 15:28:18,992 - INFO - Assertion passed: Shipping details page loaded.
2026-05-20 15:28:19,142 - INFO - Screenshot saved at: reports/screenshots/CartPage_ContinueAsGuest_20260520_152818.png
2026-05-20 15:28:19,146 - INFO - Continuing as guest
2026-05-20 15:28:19,146 - INFO - Reading shipping details from Excel
2026-05-20 15:28:19,159 - INFO - Entering Name: Yoga
2026-05-20 15:28:19,483 - INFO - Entering Phone: 6369887216
2026-05-20 15:28:19,958 - INFO - Entering Email: yogalakshmin24@gmail.com
2026-05-20 15:28:20,672 - INFO - Entering Flat/House No: 391
2026-05-20 15:28:20,971 - INFO - Entering Area: Selvapuram
2026-05-20 15:28:21,502 - INFO - Entering Pincode: 641026
2026-05-20 15:28:22,137 - INFO - Shipping details filled successfully
2026-05-20 15:28:22,292 - INFO - Screenshot saved at: reports/screenshots/ShippingDetails_Filled_20260520_152822.png
2026-05-20 15:28:22,301 - INFO - Shipping details filled from Excel
2026-05-20 15:28:22,302 - INFO - Attempting to click 'SHIP TO THIS ADDRESS' button
2026-05-20 15:28:22,781 - INFO - Clicked 'SHIP TO THIS ADDRESS'.
2026-05-20 15:28:27,984 - INFO - Screenshot saved at: reports/screenshots/ShippingDetailsPage_ShipToAddress_20260520_152827.png
2026-05-20 15:28:27,994 - INFO - Payment page successfully loaded
2026-05-20 15:28:27,994 - INFO - Navigated to payment page
2026-05-20 15:28:27,995 - INFO - Attempting to select payment method: Cash on delivery
2026-05-20 15:28:28,239 - INFO - Clicked on Cash on delivery option
2026-05-20 15:28:28,297 - INFO - Assertion passed: Cash on delivery option activated
2026-05-20 15:28:28,488 - INFO - Screenshot saved at: reports/screenshots/PaymentPage_Cash_on_delivery_20260520_152828.png
2026-05-20 15:28:28,493 - INFO - Payment method selected: Cash on delivery
2026-05-20 15:28:28,493 - INFO - Order flow completed successfully
2026-05-20 15:28:28,493 - INFO - --------------------------------------
2026-05-20 15:28:28,493 - INFO - END TO END COMPLETED SUCCESSFULLY.
2026-05-20 15:28:28,493 - INFO - --------------------------------------
